<?xml version="1.0" encoding="UTF-8"?>
<!-- Generated by org.testng.reporters.JUnitReportReporter -->
<testsuite hostname="DESKTOP-C4NRMB8" failures="0" tests="1" name="sikuli.TestScript.Test2_sikuli" time="37.457" errors="0" timestamp="2023-08-29T10:54:06 IST" skipped="0">
  <testcase classname="sikuli.TestScript.Test2_sikuli" name="handlingflipkart" time="37.457"/>
</testsuite> <!-- sikuli.TestScript.Test2_sikuli -->
