<?xml version="1.0" encoding="UTF-8"?>
<!-- Generated by org.testng.reporters.JUnitReportReporter -->
<testsuite hostname="DESKTOP-C4NRMB8" failures="0" tests="1" name="sikuli.TestScript.Test1_sikuliFUp" time="55.900" errors="0" timestamp="2023-08-29T10:59:29 IST" skipped="0">
  <testcase classname="sikuli.TestScript.Test1_sikuliFUp" name="fileUpload" time="55.900"/>
</testsuite> <!-- sikuli.TestScript.Test1_sikuliFUp -->
